22/05/31 11:11:09 error: Error: something has failed
    at Object.<anonymous> (C:\Users\landry77\Desktop\toil\projects\tasks-app\src\app.js:11:7)
    at Module._compile (node:internal/modules/cjs/loader:1101:14)
    at Object.Module._extensions..js (node:internal/modules/cjs/loader:1153:10)
    at Module.load (node:internal/modules/cjs/loader:981:32)
    at Function.Module._load (node:internal/modules/cjs/loader:822:12)
    at Module.require (node:internal/modules/cjs/loader:1005:19)
    at require (node:internal/modules/cjs/helpers:102:18)
    at Object.<anonymous> (C:\Users\landry77\Desktop\toil\projects\tasks-app\src\index.js:1:13)
    at Module._compile (node:internal/modules/cjs/loader:1101:14)
    at Object.Module._extensions..js (node:internal/modules/cjs/loader:1153:10) error:uncaughtException: something has failed
Error: something has failed
    at Object.<anonymous> (C:\Users\landry77\Desktop\toil\projects\tasks-app\src\app.js:11:7)
    at Module._compile (node:internal/modules/cjs/loader:1101:14)
    at Object.Module._extensions..js (node:internal/modules/cjs/loader:1153:10)
    at Module.load (node:internal/modules/cjs/loader:981:32)
    at Function.Module._load (node:internal/modules/cjs/loader:822:12)
    at Module.require (node:internal/modules/cjs/loader:1005:19)
    at require (node:internal/modules/cjs/helpers:102:18)
    at Object.<anonymous> (C:\Users\landry77\Desktop\toil\projects\tasks-app\src\index.js:1:13)
    at Module._compile (node:internal/modules/cjs/loader:1101:14)
    at Object.Module._extensions..js (node:internal/modules/cjs/loader:1153:10)
22/05/31 11:13:55 error: Error: uncaught promise rejection
    at Object.<anonymous> (C:\Users\landry77\Desktop\toil\projects\tasks-app\src\app.js:11:26)
    at Module._compile (node:internal/modules/cjs/loader:1101:14)
    at Object.Module._extensions..js (node:internal/modules/cjs/loader:1153:10)
    at Module.load (node:internal/modules/cjs/loader:981:32)
    at Function.Module._load (node:internal/modules/cjs/loader:822:12)
    at Module.require (node:internal/modules/cjs/loader:1005:19)
    at require (node:internal/modules/cjs/helpers:102:18)
    at Object.<anonymous> (C:\Users\landry77\Desktop\toil\projects\tasks-app\src\index.js:1:13)
    at Module._compile (node:internal/modules/cjs/loader:1101:14)
    at Object.Module._extensions..js (node:internal/modules/cjs/loader:1153:10) error:unhandledRejection: uncaught promise rejection
Error: uncaught promise rejection
    at Object.<anonymous> (C:\Users\landry77\Desktop\toil\projects\tasks-app\src\app.js:11:26)
    at Module._compile (node:internal/modules/cjs/loader:1101:14)
    at Object.Module._extensions..js (node:internal/modules/cjs/loader:1153:10)
    at Module.load (node:internal/modules/cjs/loader:981:32)
    at Function.Module._load (node:internal/modules/cjs/loader:822:12)
    at Module.require (node:internal/modules/cjs/loader:1005:19)
    at require (node:internal/modules/cjs/helpers:102:18)
    at Object.<anonymous> (C:\Users\landry77\Desktop\toil\projects\tasks-app\src\index.js:1:13)
    at Module._compile (node:internal/modules/cjs/loader:1101:14)
    at Object.Module._extensions..js (node:internal/modules/cjs/loader:1153:10)
22/05/31 11:24:08 error: TypeError: app.use() requires a middleware function
    at Function.use (C:\Users\landry77\Desktop\toil\projects\tasks-app\node_modules\express\lib\application.js:210:11)
    at Object.<anonymous> (C:\Users\landry77\Desktop\toil\projects\tasks-app\src\app.js:16:5)
    at Module._compile (node:internal/modules/cjs/loader:1101:14)
    at Object.Module._extensions..js (node:internal/modules/cjs/loader:1153:10)
    at Module.load (node:internal/modules/cjs/loader:981:32)
    at Function.Module._load (node:internal/modules/cjs/loader:822:12)
    at Module.require (node:internal/modules/cjs/loader:1005:19)
    at require (node:internal/modules/cjs/helpers:102:18)
    at Object.<anonymous> (C:\Users\landry77\Desktop\toil\projects\tasks-app\src\index.js:1:13)
    at Module._compile (node:internal/modules/cjs/loader:1101:14) error:uncaughtException: app.use() requires a middleware function
TypeError: app.use() requires a middleware function
    at Function.use (C:\Users\landry77\Desktop\toil\projects\tasks-app\node_modules\express\lib\application.js:210:11)
    at Object.<anonymous> (C:\Users\landry77\Desktop\toil\projects\tasks-app\src\app.js:16:5)
    at Module._compile (node:internal/modules/cjs/loader:1101:14)
    at Object.Module._extensions..js (node:internal/modules/cjs/loader:1153:10)
    at Module.load (node:internal/modules/cjs/loader:981:32)
    at Function.Module._load (node:internal/modules/cjs/loader:822:12)
    at Module.require (node:internal/modules/cjs/loader:1005:19)
    at require (node:internal/modules/cjs/helpers:102:18)
    at Object.<anonymous> (C:\Users\landry77\Desktop\toil\projects\tasks-app\src\index.js:1:13)
    at Module._compile (node:internal/modules/cjs/loader:1101:14)
22/05/31 11:40:10 error: ReferenceError: error_404 is not defined
    at Object.<anonymous> (C:\Users\landry77\Desktop\toil\projects\tasks-app\src\middleware\error.js:18:20)
    at Module._compile (node:internal/modules/cjs/loader:1101:14)
    at Object.Module._extensions..js (node:internal/modules/cjs/loader:1153:10)
    at Module.load (node:internal/modules/cjs/loader:981:32)
    at Function.Module._load (node:internal/modules/cjs/loader:822:12)
    at Module.require (node:internal/modules/cjs/loader:1005:19)
    at require (node:internal/modules/cjs/helpers:102:18)
    at Object.<anonymous> (C:\Users\landry77\Desktop\toil\projects\tasks-app\src\app.js:7:35)
    at Module._compile (node:internal/modules/cjs/loader:1101:14)
    at Object.Module._extensions..js (node:internal/modules/cjs/loader:1153:10) error:uncaughtException: error_404 is not defined
ReferenceError: error_404 is not defined
    at Object.<anonymous> (C:\Users\landry77\Desktop\toil\projects\tasks-app\src\middleware\error.js:18:20)
    at Module._compile (node:internal/modules/cjs/loader:1101:14)
    at Object.Module._extensions..js (node:internal/modules/cjs/loader:1153:10)
    at Module.load (node:internal/modules/cjs/loader:981:32)
    at Function.Module._load (node:internal/modules/cjs/loader:822:12)
    at Module.require (node:internal/modules/cjs/loader:1005:19)
    at require (node:internal/modules/cjs/helpers:102:18)
    at Object.<anonymous> (C:\Users\landry77\Desktop\toil\projects\tasks-app\src\app.js:7:35)
    at Module._compile (node:internal/modules/cjs/loader:1101:14)
    at Object.Module._extensions..js (node:internal/modules/cjs/loader:1153:10)
22/05/31 11:40:23 error: TypeError: app.use() requires a middleware function
    at Function.use (C:\Users\landry77\Desktop\toil\projects\tasks-app\node_modules\express\lib\application.js:210:11)
    at Object.<anonymous> (C:\Users\landry77\Desktop\toil\projects\tasks-app\src\app.js:16:5)
    at Module._compile (node:internal/modules/cjs/loader:1101:14)
    at Object.Module._extensions..js (node:internal/modules/cjs/loader:1153:10)
    at Module.load (node:internal/modules/cjs/loader:981:32)
    at Function.Module._load (node:internal/modules/cjs/loader:822:12)
    at Module.require (node:internal/modules/cjs/loader:1005:19)
    at require (node:internal/modules/cjs/helpers:102:18)
    at Object.<anonymous> (C:\Users\landry77\Desktop\toil\projects\tasks-app\src\index.js:1:13)
    at Module._compile (node:internal/modules/cjs/loader:1101:14) error:uncaughtException: app.use() requires a middleware function
TypeError: app.use() requires a middleware function
    at Function.use (C:\Users\landry77\Desktop\toil\projects\tasks-app\node_modules\express\lib\application.js:210:11)
    at Object.<anonymous> (C:\Users\landry77\Desktop\toil\projects\tasks-app\src\app.js:16:5)
    at Module._compile (node:internal/modules/cjs/loader:1101:14)
    at Object.Module._extensions..js (node:internal/modules/cjs/loader:1153:10)
    at Module.load (node:internal/modules/cjs/loader:981:32)
    at Function.Module._load (node:internal/modules/cjs/loader:822:12)
    at Module.require (node:internal/modules/cjs/loader:1005:19)
    at require (node:internal/modules/cjs/helpers:102:18)
    at Object.<anonymous> (C:\Users\landry77\Desktop\toil\projects\tasks-app\src\index.js:1:13)
    at Module._compile (node:internal/modules/cjs/loader:1101:14)
22/05/31 11:40:45 error: TypeError: app.use() requires a middleware function
    at Function.use (C:\Users\landry77\Desktop\toil\projects\tasks-app\node_modules\express\lib\application.js:210:11)
    at Object.<anonymous> (C:\Users\landry77\Desktop\toil\projects\tasks-app\src\app.js:16:5)
    at Module._compile (node:internal/modules/cjs/loader:1101:14)
    at Object.Module._extensions..js (node:internal/modules/cjs/loader:1153:10)
    at Module.load (node:internal/modules/cjs/loader:981:32)
    at Function.Module._load (node:internal/modules/cjs/loader:822:12)
    at Module.require (node:internal/modules/cjs/loader:1005:19)
    at require (node:internal/modules/cjs/helpers:102:18)
    at Object.<anonymous> (C:\Users\landry77\Desktop\toil\projects\tasks-app\src\index.js:1:13)
    at Module._compile (node:internal/modules/cjs/loader:1101:14) error:uncaughtException: app.use() requires a middleware function
TypeError: app.use() requires a middleware function
    at Function.use (C:\Users\landry77\Desktop\toil\projects\tasks-app\node_modules\express\lib\application.js:210:11)
    at Object.<anonymous> (C:\Users\landry77\Desktop\toil\projects\tasks-app\src\app.js:16:5)
    at Module._compile (node:internal/modules/cjs/loader:1101:14)
    at Object.Module._extensions..js (node:internal/modules/cjs/loader:1153:10)
    at Module.load (node:internal/modules/cjs/loader:981:32)
    at Function.Module._load (node:internal/modules/cjs/loader:822:12)
    at Module.require (node:internal/modules/cjs/loader:1005:19)
    at require (node:internal/modules/cjs/helpers:102:18)
    at Object.<anonymous> (C:\Users\landry77\Desktop\toil\projects\tasks-app\src\index.js:1:13)
    at Module._compile (node:internal/modules/cjs/loader:1101:14)
22/05/31 11:48:12 error: TypeError: app.use() requires a middleware function
    at Function.use (C:\Users\landry77\Desktop\toil\projects\tasks-app\node_modules\express\lib\application.js:210:11)
    at Object.<anonymous> (C:\Users\landry77\Desktop\toil\projects\tasks-app\src\app.js:16:5)
    at Module._compile (node:internal/modules/cjs/loader:1101:14)
    at Object.Module._extensions..js (node:internal/modules/cjs/loader:1153:10)
    at Module.load (node:internal/modules/cjs/loader:981:32)
    at Function.Module._load (node:internal/modules/cjs/loader:822:12)
    at Module.require (node:internal/modules/cjs/loader:1005:19)
    at require (node:internal/modules/cjs/helpers:102:18)
    at Object.<anonymous> (C:\Users\landry77\Desktop\toil\projects\tasks-app\src\index.js:1:13)
    at Module._compile (node:internal/modules/cjs/loader:1101:14) error:uncaughtException: app.use() requires a middleware function
TypeError: app.use() requires a middleware function
    at Function.use (C:\Users\landry77\Desktop\toil\projects\tasks-app\node_modules\express\lib\application.js:210:11)
    at Object.<anonymous> (C:\Users\landry77\Desktop\toil\projects\tasks-app\src\app.js:16:5)
    at Module._compile (node:internal/modules/cjs/loader:1101:14)
    at Object.Module._extensions..js (node:internal/modules/cjs/loader:1153:10)
    at Module.load (node:internal/modules/cjs/loader:981:32)
    at Function.Module._load (node:internal/modules/cjs/loader:822:12)
    at Module.require (node:internal/modules/cjs/loader:1005:19)
    at require (node:internal/modules/cjs/helpers:102:18)
    at Object.<anonymous> (C:\Users\landry77\Desktop\toil\projects\tasks-app\src\index.js:1:13)
    at Module._compile (node:internal/modules/cjs/loader:1101:14)
22/05/31 11:49:37 error: TypeError: app.use() requires a middleware function
    at Function.use (C:\Users\landry77\Desktop\toil\projects\tasks-app\node_modules\express\lib\application.js:210:11)
    at Object.<anonymous> (C:\Users\landry77\Desktop\toil\projects\tasks-app\src\app.js:16:5)
    at Module._compile (node:internal/modules/cjs/loader:1101:14)
    at Object.Module._extensions..js (node:internal/modules/cjs/loader:1153:10)
    at Module.load (node:internal/modules/cjs/loader:981:32)
    at Function.Module._load (node:internal/modules/cjs/loader:822:12)
    at Module.require (node:internal/modules/cjs/loader:1005:19)
    at require (node:internal/modules/cjs/helpers:102:18)
    at Object.<anonymous> (C:\Users\landry77\Desktop\toil\projects\tasks-app\src\index.js:1:13)
    at Module._compile (node:internal/modules/cjs/loader:1101:14) error:uncaughtException: app.use() requires a middleware function
TypeError: app.use() requires a middleware function
    at Function.use (C:\Users\landry77\Desktop\toil\projects\tasks-app\node_modules\express\lib\application.js:210:11)
    at Object.<anonymous> (C:\Users\landry77\Desktop\toil\projects\tasks-app\src\app.js:16:5)
    at Module._compile (node:internal/modules/cjs/loader:1101:14)
    at Object.Module._extensions..js (node:internal/modules/cjs/loader:1153:10)
    at Module.load (node:internal/modules/cjs/loader:981:32)
    at Function.Module._load (node:internal/modules/cjs/loader:822:12)
    at Module.require (node:internal/modules/cjs/loader:1005:19)
    at require (node:internal/modules/cjs/helpers:102:18)
    at Object.<anonymous> (C:\Users\landry77\Desktop\toil\projects\tasks-app\src\index.js:1:13)
    at Module._compile (node:internal/modules/cjs/loader:1101:14)
